  Enemy.cpp
D:\Google Drive\DOCUMENTOS\Personal-Projects\Pacman-Clone\Src\Entity\Enemy\Enemy.cpp(21,40): warning C4244: 'argument': conversion from 'int' to 'T', possible loss of data
          with
          [
              T=float
          ]
D:\Google Drive\DOCUMENTOS\Personal-Projects\Pacman-Clone\Src\Entity\Enemy\Enemy.cpp(21,28): warning C4244: 'argument': conversion from 'int' to 'T', possible loss of data
          with
          [
              T=float
          ]
  Pacman.cpp
D:\Google Drive\DOCUMENTOS\Personal-Projects\Pacman-Clone\Src\Entity\Pacman\Pacman.cpp(21,40): warning C4244: 'argument': conversion from 'int' to 'T', possible loss of data
          with
          [
              T=float
          ]
D:\Google Drive\DOCUMENTOS\Personal-Projects\Pacman-Clone\Src\Entity\Pacman\Pacman.cpp(21,28): warning C4244: 'argument': conversion from 'int' to 'T', possible loss of data
          with
          [
              T=float
          ]
  GameManager.cpp
  Generating Code...
  Pacman-Clone.vcxproj -> D:\Google Drive\DOCUMENTOS\Personal-Projects\Pacman-Clone\x64\Debug\Pacman-Clone.exe
