d:\onedrive\documentos\personal-projects\pacman-clone\x64\debug\vc142.pdb
d:\onedrive\documentos\personal-projects\pacman-clone\x64\debug\vc142.idb
d:\onedrive\documentos\personal-projects\pacman-clone\x64\debug\pacman.obj
d:\onedrive\documentos\personal-projects\pacman-clone\x64\debug\gamemanager.obj
d:\onedrive\documentos\personal-projects\pacman-clone\x64\debug\main.obj
d:\onedrive\documentos\personal-projects\pacman-clone\x64\debug\collider.obj
d:\onedrive\documentos\personal-projects\pacman-clone\x64\debug\pacman-clone.tlog\cl.command.1.tlog
d:\onedrive\documentos\personal-projects\pacman-clone\x64\debug\pacman-clone.tlog\cl.read.1.tlog
d:\onedrive\documentos\personal-projects\pacman-clone\x64\debug\pacman-clone.tlog\cl.write.1.tlog
d:\onedrive\documentos\personal-projects\pacman-clone\x64\debug\pacman-clone.tlog\link-cvtres.read.1.tlog
d:\onedrive\documentos\personal-projects\pacman-clone\x64\debug\pacman-clone.tlog\link-cvtres.write.1.tlog
d:\onedrive\documentos\personal-projects\pacman-clone\x64\debug\pacman-clone.tlog\link-rc.read.1.tlog
d:\onedrive\documentos\personal-projects\pacman-clone\x64\debug\pacman-clone.tlog\link-rc.write.1.tlog
d:\onedrive\documentos\personal-projects\pacman-clone\x64\debug\pacman-clone.tlog\link.3472-cvtres.read.1.tlog
d:\onedrive\documentos\personal-projects\pacman-clone\x64\debug\pacman-clone.tlog\link.3472-cvtres.write.1.tlog
d:\onedrive\documentos\personal-projects\pacman-clone\x64\debug\pacman-clone.tlog\link.3472-rc.read.1.tlog
d:\onedrive\documentos\personal-projects\pacman-clone\x64\debug\pacman-clone.tlog\link.3472-rc.write.1.tlog
d:\onedrive\documentos\personal-projects\pacman-clone\x64\debug\pacman-clone.tlog\link.3472.read.1.tlog
d:\onedrive\documentos\personal-projects\pacman-clone\x64\debug\pacman-clone.tlog\link.3472.write.1.tlog
d:\onedrive\documentos\personal-projects\pacman-clone\x64\debug\pacman-clone.tlog\link.command.1.tlog
d:\onedrive\documentos\personal-projects\pacman-clone\x64\debug\pacman-clone.tlog\link.read.1.tlog
d:\onedrive\documentos\personal-projects\pacman-clone\x64\debug\pacman-clone.tlog\link.write.1.tlog
